<?xml version="1.0" encoding="UTF-8"?>
<testsuite xmlns:xsi="http://www.w3.org/2001/XMLSchema-instance" xsi:noNamespaceSchemaLocation="https://maven.apache.org/surefire/maven-surefire-plugin/xsd/surefire-test-report.xsd" version="3.0.2" name="com.bank.domain.repository.BalanceRepositoryTest" time="0.034" tests="2" errors="0" skipped="0" failures="0">
  <properties>
[...]
</properties>
  <testcase name="findByAccount_returnsOptionalWhenFound" classname="com.bank.domain.repository.BalanceRepositoryTest" time="0.028"/>
  <testcase name="findByAccount_returnsEmptyWhenNotFound" classname="com.bank.domain.repository.BalanceRepositoryTest" time="0.002"/>
</testsuite>